\BOOKMARK [1][-]{section.1}{Session1 Introduction}{}% 1
\BOOKMARK [2][-]{subsection.1.1}{Basic of Probability Theory}{section.1}% 2
\BOOKMARK [3][-]{subsubsection.1.1.1}{Variables}{subsection.1.1}% 3
\BOOKMARK [3][-]{subsubsection.1.1.2}{Probability Density Functions\(PDF\)}{subsection.1.1}% 4
\BOOKMARK [3][-]{subsubsection.1.1.3}{Cumulative Distribution Functions\(CDF\)}{subsection.1.1}% 5
\BOOKMARK [3][-]{subsubsection.1.1.4}{Inverse Cumulative Distribution Functions}{subsection.1.1}% 6
\BOOKMARK [3][-]{subsubsection.1.1.5}{Mutually Exclusive Events}{subsection.1.1}% 7
\BOOKMARK [3][-]{subsubsection.1.1.6}{Independent Events and Joint Probability}{subsection.1.1}% 8
\BOOKMARK [3][-]{subsubsection.1.1.7}{Probability Matrices}{subsection.1.1}% 9
\BOOKMARK [3][-]{subsubsection.1.1.8}{Conditional Probability}{subsection.1.1}% 10
\BOOKMARK [2][-]{subsection.1.2}{Bayesian Analysis}{section.1}% 11
\BOOKMARK [3][-]{subsubsection.1.2.1}{Definition}{subsection.1.2}% 12
\BOOKMARK [1][-]{section.2}{Statistics and inference}{}% 13
\BOOKMARK [2][-]{subsection.2.1}{Basics of Statistics}{section.2}% 14
\BOOKMARK [3][-]{subsubsection.2.1.1}{Statistical Population}{subsection.2.1}% 15
\BOOKMARK [3][-]{subsubsection.2.1.2}{Moment Generating Function}{subsection.2.1}% 16
\BOOKMARK [3][-]{subsubsection.2.1.3}{Linear Combination of Variables: Mean and Variance}{subsection.2.1}% 17
\BOOKMARK [3][-]{subsubsection.2.1.4}{Population versus Sample}{subsection.2.1}% 18
\BOOKMARK [2][-]{subsection.2.2}{Statistical Distribution}{section.2}% 19
\BOOKMARK [3][-]{subsubsection.2.2.1}{Normal Distribution}{subsection.2.2}% 20
\BOOKMARK [2][-]{subsection.2.3}{Statistical Inference}{section.2}% 21
\BOOKMARK [3][-]{subsubsection.2.3.1}{Law of Large Number\(LLN\)}{subsection.2.3}% 22
\BOOKMARK [3][-]{subsubsection.2.3.2}{Central Limit Theorem\(CLT\)}{subsection.2.3}% 23
\BOOKMARK [3][-]{subsubsection.2.3.3}{Confidence Interval}{subsection.2.3}% 24
\BOOKMARK [3][-]{subsubsection.2.3.4}{Type I and Type II Errors}{subsection.2.3}% 25
\BOOKMARK [1][-]{section.3}{Distributions}{}% 26
\BOOKMARK [2][-]{subsection.3.1}{Discrete Distributions}{section.3}% 27
\BOOKMARK [3][-]{subsubsection.3.1.1}{Bernoulli Distribution}{subsection.3.1}% 28
\BOOKMARK [3][-]{subsubsection.3.1.2}{Binomial Distribution}{subsection.3.1}% 29
\BOOKMARK [3][-]{subsubsection.3.1.3}{Poisson Distribution}{subsection.3.1}% 30
\BOOKMARK [2][-]{subsection.3.2}{Continuous Distributions}{section.3}% 31
\BOOKMARK [3][-]{subsubsection.3.2.1}{Normal Distribution}{subsection.3.2}% 32
\BOOKMARK [3][-]{subsubsection.3.2.2}{Lognormal Distribution}{subsection.3.2}% 33
\BOOKMARK [3][-]{subsubsection.3.2.3}{Chi-Squared Distribution}{subsection.3.2}% 34
\BOOKMARK [3][-]{subsubsection.3.2.4}{Student\220s t Distribution}{subsection.3.2}% 35
\BOOKMARK [3][-]{subsubsection.3.2.5}{F-Distribution}{subsection.3.2}% 36
\BOOKMARK [1][-]{section.4}{Cross Sectional Estimation Frameworks}{}% 37
\BOOKMARK [2][-]{subsection.4.1}{Ordinary Least Squares\(OLS\)}{section.4}% 38
\BOOKMARK [3][-]{subsubsection.4.1.1}{Simple OLS}{subsection.4.1}% 39
\BOOKMARK [3][-]{subsubsection.4.1.2}{Gauss-Markov Theorem}{subsection.4.1}% 40
\BOOKMARK [3][-]{subsubsection.4.1.3}{OLS in Matrix}{subsection.4.1}% 41
\BOOKMARK [3][-]{subsubsection.4.1.4}{Hypothesis Testing}{subsection.4.1}% 42
\BOOKMARK [3][-]{subsubsection.4.1.5}{Consistent Properties of OLS}{subsection.4.1}% 43
\BOOKMARK [3][-]{subsubsection.4.1.6}{Decomposition}{subsection.4.1}% 44
\BOOKMARK [3][-]{subsubsection.4.1.7}{Point Forecast and Confidence Interval}{subsection.4.1}% 45
\BOOKMARK [2][-]{subsection.4.2}{Discrete dependent variables}{section.4}% 46
\BOOKMARK [1][-]{section.5}{Cross Sectional Estimation Techniques}{}% 47
\BOOKMARK [2][-]{subsection.5.1}{Some notes}{section.5}% 48
\BOOKMARK [1][-]{section.6}{CAPM \(Cross Sectional Application\), and Tests}{}% 49
\BOOKMARK [2][-]{subsection.6.1}{Capital Market Line\(CML\)}{section.6}% 50
\BOOKMARK [2][-]{subsection.6.2}{Security Market Line\(SML\)}{section.6}% 51
\BOOKMARK [2][-]{subsection.6.3}{Market Model}{section.6}% 52
\BOOKMARK [2][-]{subsection.6.4}{Capital Asset Pricing Model\(CAPM\)}{section.6}% 53
\BOOKMARK [3][-]{subsubsection.6.4.1}{Some measurements}{subsection.6.4}% 54
